Arguments: 
  C:\Program Files\nodejs\node.exe C:\Program Files (x86)\Yarn\bin\yarn.js add ngx-speech

PATH: 
  C:\Program Files (x86)\Google\Chrome\Application;C:\Program Files (x86)\Common Files\Oracle\Java\javapath;C:\WINDOWS\system32;C:\WINDOWS;C:\WINDOWS\System32\Wbem;C:\WINDOWS\System32\WindowsPowerShell\v1.0\;C:\WINDOWS\System32\OpenSSH\;C:\Program Files\nodejs\;C:\Program Files (x86)\Yarn\bin\;C:\Program Files\Java\jdk1.8.0_181;C:\Program Files\Java\jre1.8.0_181;C:\Users\afmed\AppData\Local\Android\sdk\platform-tools;C:\Program Files\Microsoft VS Code\bin;C:\Program Files\Git\cmd;C:\Program Files\Git\mingw64\bin;C:\Program Files\Git\usr\bin;C:\ProgramData\chocolatey\bin;C:\mongodb\bin;;C:\Program Files\Dart\dart-sdk\bin;C:\Users\afmed\AppData\Local\Microsoft\WindowsApps;C:\Users\afmed\AppData\Roaming\npm;C:\Users\afmed\AppData\Local\Yarn\bin

Yarn version: 
  1.9.4

Node version: 
  10.8.0

Platform: 
  win32 x64

Trace: 
  Error: https://registry.yarnpkg.com/material-design-icons/-/material-design-icons-3.0.1.tgz: ESOCKETTIMEDOUT
      at ClientRequest.<anonymous> (C:\Program Files (x86)\Yarn\lib\cli.js:138095:19)
      at Object.onceWrapper (events.js:273:13)
      at ClientRequest.emit (events.js:182:13)
      at TLSSocket.emitRequestTimeout (_http_client.js:652:40)
      at Object.onceWrapper (events.js:273:13)
      at TLSSocket.emit (events.js:182:13)
      at TLSSocket.Socket._onTimeout (net.js:448:8)
      at ontimeout (timers.js:424:11)
      at tryOnTimeout (timers.js:288:5)
      at listOnTimeout (timers.js:251:5)

npm manifest: 
  {
    "name": "al1",
    "version": "0.0.0",
    "license": "MIT",
    "author": "Narek Grigoryan",
    "scripts": {
      "ng": "ng",
      "start": "ng serve",
      "build": "ng build",
      "test": "ng test",
      "lint": "ng lint",
      "pree2e": "webdriver-manager update --standalone false --gecko false",
      "e2e": "ng e2e",
      "precache": "sw-precache --root=dist --verbose"
    },
    "private": true,
    "dependencies": {
      "@angular/animations": "^5.0.0",
      "@angular/cdk": "^5.0.0",
      "@angular/common": "^5.0.0",
      "@angular/compiler": "^5.0.0",
      "@angular/core": "^5.0.0",
      "@angular/forms": "^5.0.0",
      "@angular/http": "^5.0.0",
      "@angular/platform-browser": "^5.0.0",
      "@angular/platform-browser-dynamic": "^5.0.0",
      "@angular/router": "^5.0.0",
      "@kamiazya/ngx-speech-recognition": "^0.2.0",
      "@ng-bootstrap/ng-bootstrap": "^1.0.0-beta.7",
      "angular2-drag-scroll": "^2.0.0",
      "bootstrap": "^4.0.0-alpha.6",
      "core-js": "^2.4.1",
      "font-awesome": "^4.7.0",
      "jquery": "^3.2.1",
      "material-design-icons": "^3.0.1",
      "materialize-css": "^0.100.2",
      "ng-circle-progress": "^1.0.0",
      "ngx-drag-scroll": "^1.5.5",
      "ngx-pagination": "^3.0.3",
      "ngx-speech": "0.0.4",
      "rxjs": "^5.5.2",
      "shuffle-array": "^1.0.1",
      "tether": "^1.4.3",
      "videogular2": "^5.6.3",
      "zone": "^0.3.4",
      "zone.js": "^0.8.14"
    },
    "devDependencies": {
      "@angular/cli": "1.5.2",
      "@angular/compiler-cli": "^5.0.0",
      "@angular/language-service": "^5.0.0",
      "@angular/material": "^5.0.0",
      "@types/core-js": "^0.9.43",
      "@types/jasmine": "~2.5.53",
      "@types/jasminewd2": "~2.0.2",
      "@types/jquery": "^3.2.16",
      "@types/node": "~6.0.60",
      "codelyzer": "~3.2.0",
      "jasmine-core": "~2.6.2",
      "jasmine-spec-reporter": "~4.1.0",
      "karma": "~1.7.0",
      "karma-chrome-launcher": "~2.1.1",
      "karma-cli": "~1.0.1",
      "karma-coverage-istanbul-reporter": "^1.2.1",
      "karma-jasmine": "~1.1.0",
      "karma-jasmine-html-reporter": "^0.2.2",
      "ng2-dragula": "^1.5.0",
      "node-sass": "^4.9.3",
      "protractor": "^5.4.0",
      "sw-precache": "^5.2.1",
      "ts-node": "~3.2.0",
      "tslint": "~5.7.0",
      "typescript": "~2.4.2"
    }
  }

yarn manifest: 
  No manifest

Lockfile: 
  No lockfile
